INFO:sim:172 - Generating IP...
Applying current project options...
Finished applying current project options.
WARNING:sim - A core named 'rom_2' already exists in the project. Output
   products for this core may be overwritten.
Resolving generics for 'rom_2'...
WARNING:sim - A core named 'rom_2' already exists in the project. Output
   products for this core may be overwritten.
Applying external generics to 'rom_2'...
Delivering associated files for 'rom_2'...
Delivering EJava files for 'rom_2'...
Generating implementation netlist for 'rom_2'...
INFO:sim - Pre-processing HDL files for 'rom_2'...
Running synthesis for 'rom_2'
Running ngcbuild...
Writing VEO instantiation template for 'rom_2'...
Writing Verilog behavioral simulation model for 'rom_2'...
WARNING:sim - Overwriting existing file C:/Users/psf/Desktop/Sem 7/Digital
   System
   Design/Lab/haswal-labs/Cartroon_on_Monitor/ipcore_dir/tmp/_cg/rom_2/doc/blk_m
   em_gen_v7_3_vinfo.html with file from view xilinx_documentation
Delivered 1 file into directory C:/Users/psf/Desktop/Sem 7/Digital System
Design/Lab/haswal-labs/Cartroon_on_Monitor/ipcore_dir/tmp/_cg/rom_2
Generating ASY schematic symbol...
INFO:sim:949 - Finished generation of ASY schematic symbol.
Generating SYM schematic symbol for 'rom_2'...
Generating metadata file...
Regenerating ISE project file for 'rom_2'...
Generating ISE project...
XCO file found: rom_2.xco
XMDF file found: rom_2_xmdf.tcl
Adding C:/Users/psf/Desktop/Sem 7/Digital System
Design/Lab/haswal-labs/Cartroon_on_Monitor/ipcore_dir/tmp/_cg/rom_2.asy -view
all -origin_type imported
Adding C:/Users/psf/Desktop/Sem 7/Digital System
Design/Lab/haswal-labs/Cartroon_on_Monitor/ipcore_dir/tmp/_cg/rom_2.ngc -view
all -origin_type created
Checking file "C:/Users/psf/Desktop/Sem 7/Digital System
Design/Lab/haswal-labs/Cartroon_on_Monitor/ipcore_dir/tmp/_cg/rom_2.ngc" for
project device match ...
File "C:/Users/psf/Desktop/Sem 7/Digital System
Design/Lab/haswal-labs/Cartroon_on_Monitor/ipcore_dir/tmp/_cg/rom_2.ngc" device
information matches project device.
Adding C:/Users/psf/Desktop/Sem 7/Digital System
Design/Lab/haswal-labs/Cartroon_on_Monitor/ipcore_dir/tmp/_cg/rom_2.sym -view
all -origin_type imported
Adding C:/Users/psf/Desktop/Sem 7/Digital System
Design/Lab/haswal-labs/Cartroon_on_Monitor/ipcore_dir/tmp/_cg/rom_2.v -view all
-origin_type created
INFO:HDLCompiler:1845 - Analyzing Verilog file "C:/Users/psf/Desktop/Sem
   7/Digital System
   Design/Lab/haswal-labs/Cartroon_on_Monitor/ipcore_dir/tmp/_cg/rom_2.v" into
   library work
INFO:ProjectMgmt - Parsing design hierarchy completed successfully.
Adding C:/Users/psf/Desktop/Sem 7/Digital System
Design/Lab/haswal-labs/Cartroon_on_Monitor/ipcore_dir/tmp/_cg/rom_2.veo -view
all -origin_type imported
INFO:TclTasksC:2116 - The automatic calculation of top has been turned-off.
   Please set the new top explicitly by running the "project set top" command.
   To re-calculate the new top automatically, set the "Auto Implementation Top"
   property to true.
Top level has been set to "/rom_2"
Generating README file...
Generating FLIST file...
INFO:sim:948 - Finished FLIST file generation.
Launching README viewer...
Moving files to output directory...
Finished moving files to output directory
Wrote CGP file for project 'rom_2'.
